<?xml version="1.0" encoding="UTF-8"?>
<testng-results ignored="1" total="2" passed="1" failed="0" skipped="0">
  <reporter-output>
  </reporter-output>
  <suite started-at="2024-09-11T10:15:25 IST" name="Sample test1" finished-at="2024-09-11T10:15:25 IST" duration-ms="97">
    <groups>
      <group name="demo1">
        <method signature="SampleTest.add()[pri:0, instance:sample_annotations.SampleTest@4d465b11]" name="add" class="sample_annotations.SampleTest"/>
      </group> <!-- demo1 -->
    </groups>
    <test started-at="2024-09-11T10:15:25 IST" name="sample Test2" finished-at="2024-09-11T10:15:25 IST" duration-ms="97">
      <class name="sample_annotations.SampleTest">
        <test-method signature="add()[pri:0, instance:sample_annotations.SampleTest@4d465b11]" started-at="2024-09-11T10:15:25 IST" name="add" finished-at="2024-09-11T10:15:25 IST" duration-ms="23" status="PASS">
          <reporter-output>
          </reporter-output>
        </test-method> <!-- add -->
      </class> <!-- sample_annotations.SampleTest -->
    </test> <!-- sample Test2 -->
  </suite> <!-- Sample test1 -->
</testng-results>
